<?xml version="1.0" encoding="UTF-8"?>
<!-- Generated by org.testng.reporters.JUnitReportReporter -->
<testsuite hostname="RAKESH" failures="0" tests="3" name="testNGAnnotation.GoogleTestCase" time="98.288" errors="0" timestamp="2023-03-27T20:24:31 IST" skipped="0">
  <testcase classname="testNGAnnotation.GoogleTestCase" name="search1" time="26.702"/>
  <system-out/>
  <testcase classname="testNGAnnotation.GoogleTestCase" name="search3" time="33.943"/>
  <system-out/>
  <testcase classname="testNGAnnotation.GoogleTestCase" name="search2" time="37.643"/>
  <system-out/>
</testsuite> <!-- testNGAnnotation.GoogleTestCase -->
