<?xml version="1.0" encoding="UTF-8"?>
<!-- Generated by org.testng.reporters.JUnitReportReporter -->
<testsuite hostname="RAKESH" failures="0" tests="1" name="assertionTestng.Assert1" time="0.026" errors="0" timestamp="2023-03-31T20:00:46 IST" skipped="0">
  <testcase classname="assertionTestng.Assert1" name="validLogin" time="0.026"/>
  <system-out>
    <![CDATA[Launch the Browser
Launch the web app by using URL
log in page will be display!!
Perform the login operation
Homepage will be Display!!
Log out]]>
  </system-out>
</testsuite> <!-- assertionTestng.Assert1 -->
