<?xml version="1.0" encoding="UTF-8"?>
<!-- Generated by org.testng.reporters.JUnitReportReporter -->
<testsuite hostname="RAKESH" failures="0" tests="9" name="testngGroupExecution.GroupExecution" time="0.043" errors="0" timestamp="2023-03-30T19:34:39 IST" skipped="0">
  <testcase classname="testngGroupExecution.GroupExecution" name="it1" time="0.002"/>
  <system-out>
    <![CDATA[ITC1 is executed]]>
  </system-out>
  <testcase classname="testngGroupExecution.GroupExecution" name="st3" time="0.006"/>
  <system-out>
    <![CDATA[FTC3 is executed]]>
  </system-out>
  <testcase classname="testngGroupExecution.GroupExecution" name="ft2" time="0.003"/>
  <system-out>
    <![CDATA[FTC2 is executed]]>
  </system-out>
  <testcase classname="testngGroupExecution.GroupExecution" name="ft3" time="0.003"/>
  <system-out>
    <![CDATA[FTC3 is executed]]>
  </system-out>
  <testcase classname="testngGroupExecution.GroupExecution" name="it2" time="0.002"/>
  <system-out>
    <![CDATA[ITC2 is executed]]>
  </system-out>
  <testcase classname="testngGroupExecution.GroupExecution" name="st2" time="0.003"/>
  <system-out>
    <![CDATA[FTC2 is executed]]>
  </system-out>
  <testcase classname="testngGroupExecution.GroupExecution" name="it3" time="0.002"/>
  <system-out>
    <![CDATA[ITC3 is executed]]>
  </system-out>
  <testcase classname="testngGroupExecution.GroupExecution" name="st1" time="0.003"/>
  <system-out>
    <![CDATA[FTC1 is executed]]>
  </system-out>
  <testcase classname="testngGroupExecution.GroupExecution" name="ft1" time="0.019"/>
  <system-out>
    <![CDATA[FTC1 is executed]]>
  </system-out>
</testsuite> <!-- testngGroupExecution.GroupExecution -->
