<?xml version="1.0" encoding="UTF-8"?>
<!-- Generated by org.testng.reporters.JUnitReportReporter -->
<testsuite hostname="RAKESH" failures="0" tests="3" name="testNGpack.Demo2" time="0.007" errors="0" timestamp="2023-03-26T12:04:13 IST" skipped="0">
  <testcase classname="testNGpack.Demo2" name="m1" time="0.004"/>
  <system-out>
    <![CDATA[Postman]]>
  </system-out>
  <testcase classname="testNGpack.Demo2" name="m2" time="0.001"/>
  <system-out>
    <![CDATA[fireflink]]>
  </system-out>
  <testcase classname="testNGpack.Demo2" name="m" time="0.002"/>
  <system-out>
    <![CDATA[API Testing]]>
  </system-out>
</testsuite> <!-- testNGpack.Demo2 -->
