<?xml version="1.0" encoding="UTF-8"?>
<!-- Generated by org.testng.reporters.JUnitReportReporter -->
<testsuite hostname="RAKESH" failures="0" tests="1" name="testngGroupExecution.TestngDescriptionFlag" time="0.023" errors="0" timestamp="2023-03-30T19:59:05 IST" skipped="0">
  <testcase classname="testngGroupExecution.TestngDescriptionFlag" name="search1" time="0.023"/>
  <system-out>
    <![CDATA[SQL]]>
  </system-out>
</testsuite> <!-- testngGroupExecution.TestngDescriptionFlag -->
