<?xml version="1.0" encoding="UTF-8"?>
<!-- Generated by org.testng.reporters.JUnitReportReporter -->
<testsuite hostname="RAKESH" failures="0" tests="2" name="testngGroupExecution.Flag6" time="0.022" errors="0" timestamp="2023-03-31T19:15:39 IST" skipped="0">
  <testcase classname="testngGroupExecution.Flag6" name="login" time="0.020"/>
  <system-out>
    <![CDATA[Logged in]]>
  </system-out>
  <testcase classname="testngGroupExecution.Flag6" name="logout" time="0.002"/>
  <system-out>
    <![CDATA[Logged out]]>
  </system-out>
</testsuite> <!-- testngGroupExecution.Flag6 -->
