<?xml version="1.0" encoding="UTF-8"?>
<!-- Generated by org.testng.reporters.JUnitReportReporter -->
<testsuite hostname="RAKESH" failures="0" tests="2" name="testngBatchExecution.MethodsExe" time="0.021" errors="0" timestamp="2023-03-28T19:53:39 IST" skipped="0">
  <testcase classname="testngBatchExecution.MethodsExe" name="method1" time="0.018"/>
  <system-out>
    <![CDATA[1 is the threadID
method1]]>
  </system-out>
  <testcase classname="testngBatchExecution.MethodsExe" name="method2" time="0.003"/>
  <system-out>
    <![CDATA[1 is the threadID
method2]]>
  </system-out>
</testsuite> <!-- testngBatchExecution.MethodsExe -->
