<?xml version="1.0" encoding="UTF-8"?>
<!-- Generated by org.testng.reporters.JUnitReportReporter -->
<testsuite hostname="RAKESH" failures="0" tests="3" name="testNGpack.Demo" time="0.023" errors="0" timestamp="2023-03-26T12:04:13 IST" skipped="0">
  <testcase classname="testNGpack.Demo" name="d3" time="0.004"/>
  <system-out>
    <![CDATA[method3]]>
  </system-out>
  <testcase classname="testNGpack.Demo" name="d1" time="0.017"/>
  <system-out>
    <![CDATA[method1]]>
  </system-out>
  <testcase classname="testNGpack.Demo" name="d2" time="0.002"/>
  <system-out>
    <![CDATA[method2]]>
  </system-out>
</testsuite> <!-- testNGpack.Demo -->
