<?xml version="1.0" encoding="UTF-8"?>
<!-- Generated by org.testng.reporters.JUnitReportReporter -->
<testsuite hostname="RAKESH" failures="0" tests="3" name="testngGroupExecution.Flag3" time="0.023" errors="0" timestamp="2023-03-30T20:05:04 IST" skipped="0">
  <testcase classname="testngGroupExecution.Flag3" name="login" time="0.017"/>
  <system-out>
    <![CDATA[Logged IN!!]]>
  </system-out>
  <testcase classname="testngGroupExecution.Flag3" name="createUser" time="0.004"/>
  <system-out>
    <![CDATA[User Created!!]]>
  </system-out>
  <testcase classname="testngGroupExecution.Flag3" name="logOut" time="0.002"/>
  <system-out>
    <![CDATA[Logged OUT!!]]>
  </system-out>
</testsuite> <!-- testngGroupExecution.Flag3 -->
