<?xml version="1.0" encoding="UTF-8"?>
<!-- Generated by org.testng.reporters.JUnitReportReporter -->
<testsuite hostname="RAKESH" failures="0" tests="1" name="testngBatchExecution.testngClass3" time="20.235" errors="0" timestamp="2023-03-29T13:16:27 IST" skipped="0">
  <testcase classname="testngBatchExecution.testngClass3" name="search3" time="20.235"/>
  <system-out/>
</testsuite> <!-- testngBatchExecution.testngClass3 -->
