<?xml version="1.0" encoding="UTF-8"?>
<!-- Generated by org.testng.reporters.JUnitReportReporter -->
<testsuite hostname="RAKESH" failures="0" tests="1" name="assertionTestng.Assert2" time="53.998" errors="0" timestamp="2023-03-31T21:49:10 IST" skipped="0">
  <testcase classname="assertionTestng.Assert2" name="f" time="53.998"/>
  <system-out/>
</testsuite> <!-- assertionTestng.Assert2 -->
