<?xml version="1.0" encoding="UTF-8"?>
<!-- Generated by org.testng.reporters.JUnitReportReporter -->
<testsuite hostname="RAKESH" failures="0" tests="3" name="testngGroupExecution.Flag5" time="0.026" errors="0" timestamp="2023-03-30T20:30:19 IST" skipped="0">
  <testcase classname="testngGroupExecution.Flag5" name="logOut" time="0.002"/>
  <system-out>
    <![CDATA[Logged OUT!!]]>
  </system-out>
  <testcase classname="testngGroupExecution.Flag5" name="createUser" time="0.004"/>
  <system-out>
    <![CDATA[User Created!!]]>
  </system-out>
  <testcase classname="testngGroupExecution.Flag5" name="login" time="0.020"/>
  <system-out>
    <![CDATA[Logged IN!!]]>
  </system-out>
</testsuite> <!-- testngGroupExecution.Flag5 -->
