<?xml version="1.0" encoding="UTF-8"?>
<!-- Generated by org.testng.reporters.JUnitReportReporter -->
<testsuite hostname="RAKESH" failures="0" tests="10" name="testngGroupExecution.Flag4" time="0.053" errors="0" timestamp="2023-03-30T20:15:16 IST" skipped="0">
  <testcase classname="testngGroupExecution.Flag4" name="ft" time="0.002"/>
  <system-out>
    <![CDATA[FTC is executing!!]]>
  </system-out>
  <testcase classname="testngGroupExecution.Flag4" name="ft" time="0.004"/>
  <system-out>
    <![CDATA[FTC is executing!!]]>
  </system-out>
  <testcase classname="testngGroupExecution.Flag4" name="ft" time="0.018"/>
  <system-out>
    <![CDATA[FTC is executing!!]]>
  </system-out>
  <testcase classname="testngGroupExecution.Flag4" name="ft" time="0.003"/>
  <system-out>
    <![CDATA[FTC is executing!!]]>
  </system-out>
  <testcase classname="testngGroupExecution.Flag4" name="ft" time="0.005"/>
  <system-out>
    <![CDATA[FTC is executing!!]]>
  </system-out>
  <testcase classname="testngGroupExecution.Flag4" name="ft" time="0.004"/>
  <system-out>
    <![CDATA[FTC is executing!!]]>
  </system-out>
  <testcase classname="testngGroupExecution.Flag4" name="ft" time="0.006"/>
  <system-out>
    <![CDATA[FTC is executing!!]]>
  </system-out>
  <testcase classname="testngGroupExecution.Flag4" name="ft" time="0.005"/>
  <system-out>
    <![CDATA[FTC is executing!!]]>
  </system-out>
  <testcase classname="testngGroupExecution.Flag4" name="ft" time="0.003"/>
  <system-out>
    <![CDATA[FTC is executing!!]]>
  </system-out>
  <testcase classname="testngGroupExecution.Flag4" name="ft" time="0.003"/>
  <system-out>
    <![CDATA[FTC is executing!!]]>
  </system-out>
</testsuite> <!-- testngGroupExecution.Flag4 -->
