<?xml version="1.0" encoding="UTF-8"?>
<!-- Generated by org.testng.reporters.JUnitReportReporter -->
<testsuite hostname="RAKESH" failures="0" tests="4" name="testNGAnnotation.TestAnnotations" time="0.021" errors="0" timestamp="2023-03-27T19:41:07 IST" skipped="0">
  <testcase classname="testNGAnnotation.TestAnnotations" name="f1" time="0.001"/>
  <system-out>
    <![CDATA[test case 41]]>
  </system-out>
  <testcase classname="testNGAnnotation.TestAnnotations" name="q" time="0.003"/>
  <system-out>
    <![CDATA[test case 2]]>
  </system-out>
  <testcase classname="testNGAnnotation.TestAnnotations" name="a" time="0.012"/>
  <system-out>
    <![CDATA[3]]>
  </system-out>
  <testcase classname="testNGAnnotation.TestAnnotations" name="f" time="0.005"/>
  <system-out>
    <![CDATA[test case 1]]>
  </system-out>
</testsuite> <!-- testNGAnnotation.TestAnnotations -->
