<?xml version="1.0" encoding="UTF-8"?>
<!-- Generated by org.testng.reporters.JUnitReportReporter -->
<testsuite hostname="RAKESH" failures="0" tests="6" name="testngGroupExecution.Flag1" time="0.032" errors="0" timestamp="2023-03-30T20:12:03 IST" skipped="0">
  <testcase classname="testngGroupExecution.Flag1" name="it1" time="0.018"/>
  <system-out>
    <![CDATA[ITC1 is executed]]>
  </system-out>
  <testcase classname="testngGroupExecution.Flag1" name="it3" time="0.005"/>
  <system-out>
    <![CDATA[ITC3 is executed]]>
  </system-out>
  <testcase classname="testngGroupExecution.Flag1" name="it2" time="0.003"/>
  <system-out>
    <![CDATA[ITC2 is executed]]>
  </system-out>
  <testcase classname="testngGroupExecution.Flag1" name="it4" time="0.002"/>
  <system-out>
    <![CDATA[ITC4 is executed]]>
  </system-out>
  <testcase classname="testngGroupExecution.Flag1" name="it5" time="0.002"/>
  <system-out>
    <![CDATA[ITC5 is executed]]>
  </system-out>
  <testcase classname="testngGroupExecution.Flag1" name="it6" time="0.002"/>
  <system-out>
    <![CDATA[ITC6 is executed]]>
  </system-out>
</testsuite> <!-- testngGroupExecution.Flag1 -->
